<?xml version="1.0" encoding="UTF-8"?>
<coverage generated="1555863430000" clover="3.2.0">
  <project timestamp="1555863430000" name="All files">
    <metrics statements="176" coveredstatements="47" conditionals="56" coveredconditionals="21" methods="59" coveredmethods="23" elements="291" coveredelements="91" complexity="0" loc="176" ncloc="176" packages="7" files="15" classes="15"/>
    <package name="components.Buttons">
      <metrics statements="16" coveredstatements="5" conditionals="8" coveredconditionals="5" methods="6" coveredmethods="3"/>
      <file name="LikeUnlike.tsx" path="/Users/eldar/Documents/NodeProjects/povio/client/components/Buttons/LikeUnlike.tsx">
        <metrics statements="14" coveredstatements="3" conditionals="8" coveredconditionals="5" methods="5" coveredmethods="2"/>
        <line num="24" count="4" type="stmt"/>
        <line num="26" count="4" type="stmt"/>
        <line num="32" count="0" type="cond" truecount="0" falsecount="2"/>
        <line num="36" count="0" type="stmt"/>
        <line num="37" count="0" type="stmt"/>
        <line num="41" count="0" type="stmt"/>
        <line num="43" count="0" type="stmt"/>
        <line num="45" count="0" type="stmt"/>
        <line num="51" count="0" type="stmt"/>
        <line num="52" count="0" type="stmt"/>
        <line num="56" count="0" type="stmt"/>
        <line num="58" count="0" type="stmt"/>
        <line num="60" count="0" type="stmt"/>
        <line num="67" count="4" type="stmt"/>
      </file>
      <file name="SignInToLike.tsx" path="/Users/eldar/Documents/NodeProjects/povio/client/components/Buttons/SignInToLike.tsx">
        <metrics statements="2" coveredstatements="2" conditionals="0" coveredconditionals="0" methods="1" coveredmethods="1"/>
        <line num="5" count="2" type="stmt"/>
        <line num="6" count="4" type="stmt"/>
      </file>
    </package>
    <package name="components.Layout">
      <metrics statements="14" coveredstatements="8" conditionals="2" coveredconditionals="1" methods="7" coveredmethods="4"/>
      <file name="Footer.tsx" path="/Users/eldar/Documents/NodeProjects/povio/client/components/Layout/Footer.tsx">
        <metrics statements="2" coveredstatements="2" conditionals="0" coveredconditionals="0" methods="1" coveredmethods="1"/>
        <line num="3" count="1" type="stmt"/>
        <line num="4" count="1" type="stmt"/>
      </file>
      <file name="Navbar.tsx" path="/Users/eldar/Documents/NodeProjects/povio/client/components/Layout/Navbar.tsx">
        <metrics statements="12" coveredstatements="6" conditionals="2" coveredconditionals="1" methods="6" coveredmethods="3"/>
        <line num="26" count="1" type="stmt"/>
        <line num="28" count="1" type="stmt"/>
        <line num="34" count="0" type="stmt"/>
        <line num="40" count="0" type="stmt"/>
        <line num="41" count="0" type="stmt"/>
        <line num="42" count="0" type="stmt"/>
        <line num="43" count="0" type="stmt"/>
        <line num="47" count="1" type="stmt"/>
        <line num="48" count="0" type="stmt"/>
        <line num="68" count="1" type="stmt"/>
        <line num="69" count="1" type="stmt"/>
        <line num="76" count="1" type="stmt"/>
      </file>
    </package>
    <package name="components.Lists">
      <metrics statements="11" coveredstatements="7" conditionals="6" coveredconditionals="5" methods="6" coveredmethods="4"/>
      <file name="MostLiked.tsx" path="/Users/eldar/Documents/NodeProjects/povio/client/components/Lists/MostLiked.tsx">
        <metrics statements="11" coveredstatements="7" conditionals="6" coveredconditionals="5" methods="6" coveredmethods="4"/>
        <line num="24" count="2" type="stmt"/>
        <line num="26" count="2" type="stmt"/>
        <line num="32" count="0" type="stmt"/>
        <line num="36" count="0" type="stmt"/>
        <line num="38" count="0" type="stmt"/>
        <line num="44" count="0" type="stmt"/>
        <line num="48" count="2" type="stmt"/>
        <line num="50" count="2" type="stmt"/>
        <line num="51" count="2" type="stmt"/>
        <line num="63" count="5" type="stmt"/>
        <line num="80" count="2" type="stmt"/>
      </file>
    </package>
    <package name="components.Sections">
      <metrics statements="28" coveredstatements="10" conditionals="14" coveredconditionals="7" methods="8" coveredmethods="4"/>
      <file name="ChangePasswordBox.tsx" path="/Users/eldar/Documents/NodeProjects/povio/client/components/Sections/ChangePasswordBox.tsx">
        <metrics statements="12" coveredstatements="5" conditionals="4" coveredconditionals="2" methods="3" coveredmethods="2"/>
        <line num="26" count="1" type="stmt"/>
        <line num="28" count="1" type="stmt"/>
        <line num="29" count="1" type="stmt"/>
        <line num="31" count="1" type="stmt"/>
        <line num="38" count="0" type="stmt"/>
        <line num="40" count="0" type="stmt"/>
        <line num="41" count="0" type="stmt"/>
        <line num="46" count="0" type="stmt"/>
        <line num="47" count="0" type="stmt"/>
        <line num="49" count="0" type="stmt"/>
        <line num="53" count="0" type="stmt"/>
        <line num="60" count="1" type="stmt"/>
      </file>
      <file name="SigninBox.tsx" path="/Users/eldar/Documents/NodeProjects/povio/client/components/Sections/SigninBox.tsx">
        <metrics statements="16" coveredstatements="5" conditionals="10" coveredconditionals="5" methods="5" coveredmethods="2"/>
        <line num="27" count="1" type="stmt"/>
        <line num="29" count="1" type="stmt"/>
        <line num="30" count="1" type="stmt"/>
        <line num="32" count="1" type="stmt"/>
        <line num="40" count="0" type="stmt"/>
        <line num="46" count="0" type="stmt"/>
        <line num="52" count="0" type="stmt"/>
        <line num="54" count="0" type="stmt"/>
        <line num="55" count="0" type="stmt"/>
        <line num="60" count="0" type="stmt"/>
        <line num="61" count="0" type="stmt"/>
        <line num="62" count="0" type="stmt"/>
        <line num="64" count="0" type="stmt"/>
        <line num="66" count="0" type="stmt"/>
        <line num="70" count="0" type="stmt"/>
        <line num="77" count="1" type="stmt"/>
      </file>
    </package>
    <package name="services.api">
      <metrics statements="33" coveredstatements="0" conditionals="2" coveredconditionals="0" methods="9" coveredmethods="0"/>
      <file name="auth.ts" path="/Users/eldar/Documents/NodeProjects/povio/client/services/api/auth.ts">
        <metrics statements="9" coveredstatements="0" conditionals="2" coveredconditionals="0" methods="3" coveredmethods="0"/>
        <line num="5" count="0" type="cond" truecount="0" falsecount="2"/>
        <line num="9" count="0" type="stmt"/>
        <line num="10" count="0" type="stmt"/>
        <line num="15" count="0" type="stmt"/>
        <line num="17" count="0" type="stmt"/>
        <line num="22" count="0" type="stmt"/>
        <line num="23" count="0" type="stmt"/>
        <line num="28" count="0" type="stmt"/>
        <line num="30" count="0" type="stmt"/>
      </file>
      <file name="me.ts" path="/Users/eldar/Documents/NodeProjects/povio/client/services/api/me.ts">
        <metrics statements="8" coveredstatements="0" conditionals="0" coveredconditionals="0" methods="2" coveredmethods="0"/>
        <line num="4" count="0" type="stmt"/>
        <line num="5" count="0" type="stmt"/>
        <line num="6" count="0" type="stmt"/>
        <line num="8" count="0" type="stmt"/>
        <line num="13" count="0" type="stmt"/>
        <line num="14" count="0" type="stmt"/>
        <line num="18" count="0" type="stmt"/>
        <line num="20" count="0" type="stmt"/>
      </file>
      <file name="mostLiked.ts" path="/Users/eldar/Documents/NodeProjects/povio/client/services/api/mostLiked.ts">
        <metrics statements="4" coveredstatements="0" conditionals="0" coveredconditionals="0" methods="1" coveredmethods="0"/>
        <line num="4" count="0" type="stmt"/>
        <line num="5" count="0" type="stmt"/>
        <line num="6" count="0" type="stmt"/>
        <line num="8" count="0" type="stmt"/>
      </file>
      <file name="user.ts" path="/Users/eldar/Documents/NodeProjects/povio/client/services/api/user.ts">
        <metrics statements="12" coveredstatements="0" conditionals="0" coveredconditionals="0" methods="3" coveredmethods="0"/>
        <line num="4" count="0" type="stmt"/>
        <line num="5" count="0" type="stmt"/>
        <line num="6" count="0" type="stmt"/>
        <line num="8" count="0" type="stmt"/>
        <line num="13" count="0" type="stmt"/>
        <line num="14" count="0" type="stmt"/>
        <line num="15" count="0" type="stmt"/>
        <line num="17" count="0" type="stmt"/>
        <line num="22" count="0" type="stmt"/>
        <line num="23" count="0" type="stmt"/>
        <line num="24" count="0" type="stmt"/>
        <line num="26" count="0" type="stmt"/>
      </file>
    </package>
    <package name="store">
      <metrics statements="15" coveredstatements="7" conditionals="8" coveredconditionals="2" methods="3" coveredmethods="1"/>
      <file name="index.ts" path="/Users/eldar/Documents/NodeProjects/povio/client/store/index.ts">
        <metrics statements="15" coveredstatements="7" conditionals="8" coveredconditionals="2" methods="3" coveredmethods="1"/>
        <line num="8" count="5" type="stmt"/>
        <line num="9" count="5" type="stmt"/>
        <line num="19" count="7" type="stmt"/>
        <line num="20" count="7" type="stmt"/>
        <line num="23" count="7" type="stmt"/>
        <line num="24" count="7" type="cond" truecount="2" falsecount="2"/>
        <line num="25" count="0" type="stmt"/>
        <line num="28" count="0" type="stmt"/>
        <line num="29" count="0" type="stmt"/>
        <line num="32" count="7" type="stmt"/>
        <line num="42" count="0" type="cond" truecount="0" falsecount="2"/>
        <line num="44" count="0" type="stmt"/>
        <line num="47" count="0" type="cond" truecount="0" falsecount="2"/>
        <line num="48" count="0" type="stmt"/>
        <line num="51" count="0" type="stmt"/>
      </file>
    </package>
    <package name="store.modules">
      <metrics statements="59" coveredstatements="10" conditionals="16" coveredconditionals="1" methods="20" coveredmethods="7"/>
      <file name="AuthStore.ts" path="/Users/eldar/Documents/NodeProjects/povio/client/store/modules/AuthStore.ts">
        <metrics statements="26" coveredstatements="3" conditionals="12" coveredconditionals="1" methods="5" coveredmethods="1"/>
        <line num="11" count="0" type="cond" truecount="0" falsecount="2"/>
        <line num="12" count="0" type="stmt"/>
        <line num="15" count="0" type="stmt"/>
        <line num="17" count="0" type="stmt"/>
        <line num="18" count="0" type="cond" truecount="0" falsecount="2"/>
        <line num="19" count="0" type="stmt"/>
        <line num="21" count="0" type="stmt"/>
        <line num="23" count="0" type="stmt"/>
        <line num="28" count="0" type="cond" truecount="0" falsecount="2"/>
        <line num="29" count="0" type="stmt"/>
        <line num="32" count="0" type="stmt"/>
        <line num="34" count="0" type="stmt"/>
        <line num="35" count="0" type="stmt"/>
        <line num="37" count="0" type="stmt"/>
        <line num="39" count="0" type="stmt"/>
        <line num="44" count="7" type="stmt"/>
        <line num="45" count="7" type="stmt"/>
        <line num="48" count="7" type="cond" truecount="1" falsecount="1"/>
        <line num="49" count="0" type="stmt"/>
        <line num="55" count="0" type="stmt"/>
        <line num="58" count="0" type="cond" truecount="0" falsecount="2"/>
        <line num="59" count="0" type="stmt"/>
        <line num="65" count="0" type="stmt"/>
        <line num="70" count="0" type="stmt"/>
        <line num="71" count="0" type="stmt"/>
        <line num="74" count="0" type="stmt"/>
      </file>
      <file name="OverviewStore.ts" path="/Users/eldar/Documents/NodeProjects/povio/client/store/modules/OverviewStore.ts">
        <metrics statements="29" coveredstatements="6" conditionals="4" coveredconditionals="0" methods="13" coveredmethods="5"/>
        <line num="8" count="2" type="stmt"/>
        <line num="9" count="6" type="stmt"/>
        <line num="15" count="0" type="stmt"/>
        <line num="17" count="0" type="stmt"/>
        <line num="19" count="0" type="stmt"/>
        <line num="24" count="0" type="stmt"/>
        <line num="26" count="0" type="stmt"/>
        <line num="29" count="0" type="stmt"/>
        <line num="31" count="0" type="stmt"/>
        <line num="36" count="0" type="stmt"/>
        <line num="38" count="0" type="stmt"/>
        <line num="41" count="0" type="stmt"/>
        <line num="43" count="0" type="stmt"/>
        <line num="48" count="0" type="stmt"/>
        <line num="50" count="0" type="stmt"/>
        <line num="53" count="0" type="stmt"/>
        <line num="54" count="0" type="cond" truecount="0" falsecount="2"/>
        <line num="55" count="0" type="stmt"/>
        <line num="57" count="0" type="stmt"/>
        <line num="61" count="0" type="stmt"/>
        <line num="62" count="0" type="stmt"/>
        <line num="65" count="0" type="stmt"/>
        <line num="71" count="7" type="stmt"/>
        <line num="72" count="7" type="stmt"/>
        <line num="76" count="1" type="stmt"/>
        <line num="80" count="1" type="stmt"/>
        <line num="84" count="0" type="stmt"/>
        <line num="86" count="0" type="cond" truecount="0" falsecount="2"/>
        <line num="87" count="0" type="stmt"/>
      </file>
      <file name="UserStore.ts" path="/Users/eldar/Documents/NodeProjects/povio/client/store/modules/UserStore.ts">
        <metrics statements="4" coveredstatements="1" conditionals="0" coveredconditionals="0" methods="2" coveredmethods="1"/>
        <line num="9" count="0" type="stmt"/>
        <line num="11" count="0" type="stmt"/>
        <line num="13" count="0" type="stmt"/>
        <line num="18" count="7" type="stmt"/>
      </file>
    </package>
  </project>
</coverage>
