{"/Users/eldar/Documents/NodeProjects/povio/client/components/Buttons/LikeUnlike.tsx": {"path":"/Users/eldar/Documents/NodeProjects/povio/client/components/Buttons/LikeUnlike.tsx","statementMap":{"0":{"start":{"line":24,"column":4},"end":{"line":24,"column":16}},"1":{"start":{"line":26,"column":4},"end":{"line":28,"column":5}},"2":{"start":{"line":32,"column":4},"end":{"line":32,"column":68}},"3":{"start":{"line":36,"column":4},"end":{"line":48,"column":5}},"4":{"start":{"line":37,"column":6},"end":{"line":39,"column":8}},"5":{"start":{"line":41,"column":6},"end":{"line":41,"column":67}},"6":{"start":{"line":43,"column":6},"end":{"line":43,"column":20}},"7":{"start":{"line":45,"column":6},"end":{"line":47,"column":8}},"8":{"start":{"line":51,"column":4},"end":{"line":63,"column":5}},"9":{"start":{"line":52,"column":6},"end":{"line":54,"column":8}},"10":{"start":{"line":56,"column":6},"end":{"line":56,"column":69}},"11":{"start":{"line":58,"column":6},"end":{"line":58,"column":20}},"12":{"start":{"line":60,"column":6},"end":{"line":62,"column":8}},"13":{"start":{"line":67,"column":4},"end":{"line":74,"column":5}}},"fnMap":{"0":{"name":"(anonymous_0)","decl":{"start":{"line":23,"column":2},"end":{"line":23,"column":3}},"loc":{"start":{"line":23,"column":29},"end":{"line":29,"column":3}},"line":23},"1":{"name":"(anonymous_1)","decl":{"start":{"line":31,"column":24},"end":{"line":31,"column":25}},"loc":{"start":{"line":31,"column":30},"end":{"line":33,"column":3}},"line":31},"2":{"name":"(anonymous_2)","decl":{"start":{"line":35,"column":20},"end":{"line":35,"column":21}},"loc":{"start":{"line":35,"column":32},"end":{"line":49,"column":3}},"line":35},"3":{"name":"(anonymous_3)","decl":{"start":{"line":50,"column":22},"end":{"line":50,"column":23}},"loc":{"start":{"line":50,"column":34},"end":{"line":64,"column":3}},"line":50},"4":{"name":"(anonymous_4)","decl":{"start":{"line":66,"column":2},"end":{"line":66,"column":3}},"loc":{"start":{"line":66,"column":18},"end":{"line":75,"column":3}},"line":66}},"branchMap":{"0":{"loc":{"start":{"line":32,"column":4},"end":{"line":32,"column":68}},"type":"cond-expr","locations":[{"start":{"line":32,"column":33},"end":{"line":32,"column":48}},{"start":{"line":32,"column":51},"end":{"line":32,"column":68}}],"line":32},"1":{"loc":{"start":{"line":68,"column":77},"end":{"line":68,"column":126}},"type":"cond-expr","locations":[{"start":{"line":68,"column":106},"end":{"line":68,"column":115}},{"start":{"line":68,"column":118},"end":{"line":68,"column":126}}],"line":68},"2":{"loc":{"start":{"line":70,"column":10},"end":{"line":71,"column":60}},"type":"cond-expr","locations":[{"start":{"line":70,"column":34},"end":{"line":70,"column":69}},{"start":{"line":71,"column":13},"end":{"line":71,"column":59}}],"line":70},"3":{"loc":{"start":{"line":71,"column":13},"end":{"line":71,"column":59}},"type":"cond-expr","locations":[{"start":{"line":71,"column":42},"end":{"line":71,"column":48}},{"start":{"line":71,"column":51},"end":{"line":71,"column":59}}],"line":71}},"s":{"0":4,"1":4,"2":0,"3":0,"4":0,"5":0,"6":0,"7":0,"8":0,"9":0,"10":0,"11":0,"12":0,"13":4},"f":{"0":4,"1":0,"2":0,"3":0,"4":4},"b":{"0":[0,0],"1":[2,2],"2":[0,4],"3":[2,2]},"_coverageSchema":"43e27e138ebf9cfc5966b082cf9a028302ed4184","hash":"68f0380339bfa4c59e4ccbf6a6ee109dccb15af0"}
,"/Users/eldar/Documents/NodeProjects/povio/client/components/Buttons/SignInToLike.tsx": {"path":"/Users/eldar/Documents/NodeProjects/povio/client/components/Buttons/SignInToLike.tsx","statementMap":{"0":{"start":{"line":5,"column":46},"end":{"line":13,"column":1}},"1":{"start":{"line":6,"column":2},"end":{"line":12,"column":3}}},"fnMap":{"0":{"name":"(anonymous_0)","decl":{"start":{"line":5,"column":46},"end":{"line":5,"column":47}},"loc":{"start":{"line":5,"column":52},"end":{"line":13,"column":1}},"line":5}},"branchMap":{},"s":{"0":2,"1":4},"f":{"0":4},"b":{},"_coverageSchema":"43e27e138ebf9cfc5966b082cf9a028302ed4184","hash":"98dd14243ade2eada0d42161f5f054c26e8b647b"}
,"/Users/eldar/Documents/NodeProjects/povio/client/components/Layout/Footer.tsx": {"path":"/Users/eldar/Documents/NodeProjects/povio/client/components/Layout/Footer.tsx","statementMap":{"0":{"start":{"line":3,"column":44},"end":{"line":9,"column":1}},"1":{"start":{"line":4,"column":2},"end":{"line":8,"column":11}}},"fnMap":{"0":{"name":"(anonymous_0)","decl":{"start":{"line":3,"column":44},"end":{"line":3,"column":45}},"loc":{"start":{"line":4,"column":2},"end":{"line":8,"column":11}},"line":4}},"branchMap":{},"s":{"0":1,"1":1},"f":{"0":1},"b":{},"_coverageSchema":"43e27e138ebf9cfc5966b082cf9a028302ed4184","hash":"12ff772793f77f8a3faaa02dc3e472f3bf6f2d54"}
,"/Users/eldar/Documents/NodeProjects/povio/client/components/Layout/Navbar.tsx": {"path":"/Users/eldar/Documents/NodeProjects/povio/client/components/Layout/Navbar.tsx","statementMap":{"0":{"start":{"line":26,"column":4},"end":{"line":26,"column":16}},"1":{"start":{"line":28,"column":4},"end":{"line":30,"column":5}},"2":{"start":{"line":34,"column":4},"end":{"line":36,"column":6}},"3":{"start":{"line":40,"column":19},"end":{"line":40,"column":53}},"4":{"start":{"line":41,"column":4},"end":{"line":41,"column":43}},"5":{"start":{"line":42,"column":4},"end":{"line":42,"column":56}},"6":{"start":{"line":43,"column":4},"end":{"line":43,"column":28}},"7":{"start":{"line":47,"column":21},"end":{"line":66,"column":5}},"8":{"start":{"line":48,"column":6},"end":{"line":65,"column":12}},"9":{"start":{"line":68,"column":22},"end":{"line":74,"column":5}},"10":{"start":{"line":69,"column":6},"end":{"line":73,"column":12}},"11":{"start":{"line":76,"column":4},"end":{"line":107,"column":5}}},"fnMap":{"0":{"name":"(anonymous_0)","decl":{"start":{"line":25,"column":2},"end":{"line":25,"column":3}},"loc":{"start":{"line":25,"column":29},"end":{"line":31,"column":3}},"line":25},"1":{"name":"(anonymous_1)","decl":{"start":{"line":33,"column":18},"end":{"line":33,"column":19}},"loc":{"start":{"line":33,"column":24},"end":{"line":37,"column":3}},"line":33},"2":{"name":"(anonymous_2)","decl":{"start":{"line":39,"column":19},"end":{"line":39,"column":20}},"loc":{"start":{"line":39,"column":31},"end":{"line":44,"column":3}},"line":39},"3":{"name":"(anonymous_3)","decl":{"start":{"line":46,"column":2},"end":{"line":46,"column":3}},"loc":{"start":{"line":46,"column":18},"end":{"line":108,"column":3}},"line":46},"4":{"name":"(anonymous_4)","decl":{"start":{"line":47,"column":21},"end":{"line":47,"column":22}},"loc":{"start":{"line":48,"column":6},"end":{"line":65,"column":12}},"line":48},"5":{"name":"(anonymous_5)","decl":{"start":{"line":68,"column":22},"end":{"line":68,"column":23}},"loc":{"start":{"line":69,"column":6},"end":{"line":73,"column":12}},"line":69}},"branchMap":{"0":{"loc":{"start":{"line":96,"column":13},"end":{"line":96,"column":77}},"type":"cond-expr","locations":[{"start":{"line":96,"column":53},"end":{"line":96,"column":63}},{"start":{"line":96,"column":66},"end":{"line":96,"column":77}}],"line":96}},"s":{"0":1,"1":1,"2":0,"3":0,"4":0,"5":0,"6":0,"7":1,"8":0,"9":1,"10":1,"11":1},"f":{"0":1,"1":0,"2":0,"3":1,"4":0,"5":1},"b":{"0":[0,1]},"_coverageSchema":"43e27e138ebf9cfc5966b082cf9a028302ed4184","hash":"94640a8df147385160f0492a5399ebe29f034596"}
,"/Users/eldar/Documents/NodeProjects/povio/client/components/Lists/MostLiked.tsx": {"path":"/Users/eldar/Documents/NodeProjects/povio/client/components/Lists/MostLiked.tsx","statementMap":{"0":{"start":{"line":24,"column":4},"end":{"line":24,"column":16}},"1":{"start":{"line":26,"column":4},"end":{"line":28,"column":5}},"2":{"start":{"line":32,"column":4},"end":{"line":34,"column":6}},"3":{"start":{"line":36,"column":4},"end":{"line":36,"column":51}},"4":{"start":{"line":38,"column":4},"end":{"line":40,"column":6}},"5":{"start":{"line":44,"column":4},"end":{"line":44,"column":24}},"6":{"start":{"line":48,"column":18},"end":{"line":48,"column":57}},"7":{"start":{"line":50,"column":18},"end":{"line":78,"column":5}},"8":{"start":{"line":51,"column":8},"end":{"line":77,"column":16}},"9":{"start":{"line":63,"column":16},"end":{"line":73,"column":21}},"10":{"start":{"line":80,"column":4},"end":{"line":84,"column":5}}},"fnMap":{"0":{"name":"(anonymous_0)","decl":{"start":{"line":23,"column":2},"end":{"line":23,"column":3}},"loc":{"start":{"line":23,"column":29},"end":{"line":29,"column":3}},"line":23},"1":{"name":"(anonymous_1)","decl":{"start":{"line":31,"column":25},"end":{"line":31,"column":26}},"loc":{"start":{"line":31,"column":37},"end":{"line":41,"column":3}},"line":31},"2":{"name":"(anonymous_2)","decl":{"start":{"line":43,"column":2},"end":{"line":43,"column":3}},"loc":{"start":{"line":43,"column":35},"end":{"line":45,"column":3}},"line":43},"3":{"name":"(anonymous_3)","decl":{"start":{"line":47,"column":2},"end":{"line":47,"column":3}},"loc":{"start":{"line":47,"column":18},"end":{"line":85,"column":3}},"line":47},"4":{"name":"(anonymous_4)","decl":{"start":{"line":50,"column":18},"end":{"line":50,"column":19}},"loc":{"start":{"line":51,"column":8},"end":{"line":77,"column":16}},"line":51},"5":{"name":"(anonymous_5)","decl":{"start":{"line":62,"column":22},"end":{"line":62,"column":23}},"loc":{"start":{"line":63,"column":16},"end":{"line":73,"column":21}},"line":63}},"branchMap":{"0":{"loc":{"start":{"line":68,"column":20},"end":{"line":71,"column":147}},"type":"cond-expr","locations":[{"start":{"line":69,"column":24},"end":{"line":69,"column":39}},{"start":{"line":71,"column":24},"end":{"line":71,"column":147}}],"line":68},"1":{"loc":{"start":{"line":71,"column":42},"end":{"line":71,"column":125}},"type":"cond-expr","locations":[{"start":{"line":71,"column":108},"end":{"line":71,"column":116}},{"start":{"line":71,"column":119},"end":{"line":71,"column":125}}],"line":71},"2":{"loc":{"start":{"line":82,"column":9},"end":{"line":82,"column":54}},"type":"cond-expr","locations":[{"start":{"line":82,"column":32},"end":{"line":82,"column":44}},{"start":{"line":82,"column":47},"end":{"line":82,"column":54}}],"line":82}},"s":{"0":2,"1":2,"2":0,"3":0,"4":0,"5":0,"6":2,"7":2,"8":2,"9":5,"10":2},"f":{"0":2,"1":0,"2":0,"3":2,"4":2,"5":5},"b":{"0":[3,2],"1":[1,1],"2":[0,2]},"_coverageSchema":"43e27e138ebf9cfc5966b082cf9a028302ed4184","hash":"1b4e41896b94b84e2a4ab1bae755f25c65beae7d"}
,"/Users/eldar/Documents/NodeProjects/povio/client/components/Sections/ChangePasswordBox.tsx": {"path":"/Users/eldar/Documents/NodeProjects/povio/client/components/Sections/ChangePasswordBox.tsx","statementMap":{"0":{"start":{"line":26,"column":4},"end":{"line":26,"column":16}},"1":{"start":{"line":28,"column":4},"end":{"line":28,"column":44}},"2":{"start":{"line":29,"column":4},"end":{"line":29,"column":40}},"3":{"start":{"line":31,"column":4},"end":{"line":34,"column":5}},"4":{"start":{"line":38,"column":4},"end":{"line":38,"column":26}},"5":{"start":{"line":40,"column":4},"end":{"line":56,"column":5}},"6":{"start":{"line":41,"column":6},"end":{"line":43,"column":8}},"7":{"start":{"line":46,"column":6},"end":{"line":46,"column":118}},"8":{"start":{"line":47,"column":6},"end":{"line":47,"column":36}},"9":{"start":{"line":49,"column":6},"end":{"line":51,"column":8}},"10":{"start":{"line":53,"column":6},"end":{"line":55,"column":8}},"11":{"start":{"line":60,"column":4},"end":{"line":107,"column":5}}},"fnMap":{"0":{"name":"(anonymous_0)","decl":{"start":{"line":25,"column":2},"end":{"line":25,"column":3}},"loc":{"start":{"line":25,"column":29},"end":{"line":35,"column":3}},"line":25},"1":{"name":"(anonymous_1)","decl":{"start":{"line":37,"column":26},"end":{"line":37,"column":27}},"loc":{"start":{"line":37,"column":60},"end":{"line":57,"column":3}},"line":37},"2":{"name":"(anonymous_2)","decl":{"start":{"line":59,"column":2},"end":{"line":59,"column":3}},"loc":{"start":{"line":59,"column":18},"end":{"line":108,"column":3}},"line":59}},"branchMap":{"0":{"loc":{"start":{"line":67,"column":16},"end":{"line":71,"column":22}},"type":"cond-expr","locations":[{"start":{"line":68,"column":18},"end":{"line":70,"column":26}},{"start":{"line":71,"column":18},"end":{"line":71,"column":22}}],"line":67},"1":{"loc":{"start":{"line":85,"column":22},"end":{"line":86,"column":41}},"type":"cond-expr","locations":[{"start":{"line":85,"column":46},"end":{"line":85,"column":81}},{"start":{"line":86,"column":24},"end":{"line":86,"column":41}}],"line":85}},"s":{"0":1,"1":1,"2":1,"3":1,"4":0,"5":0,"6":0,"7":0,"8":0,"9":0,"10":0,"11":1},"f":{"0":1,"1":0,"2":1},"b":{"0":[0,1],"1":[0,1]},"_coverageSchema":"43e27e138ebf9cfc5966b082cf9a028302ed4184","hash":"23528b166b72ffdf1152a4d67f3e494b59373229"}
,"/Users/eldar/Documents/NodeProjects/povio/client/components/Sections/SigninBox.tsx": {"path":"/Users/eldar/Documents/NodeProjects/povio/client/components/Sections/SigninBox.tsx","statementMap":{"0":{"start":{"line":27,"column":4},"end":{"line":27,"column":16}},"1":{"start":{"line":29,"column":4},"end":{"line":29,"column":37}},"2":{"start":{"line":30,"column":4},"end":{"line":30,"column":37}},"3":{"start":{"line":32,"column":4},"end":{"line":36,"column":5}},"4":{"start":{"line":40,"column":4},"end":{"line":42,"column":6}},"5":{"start":{"line":46,"column":4},"end":{"line":48,"column":6}},"6":{"start":{"line":52,"column":4},"end":{"line":52,"column":26}},"7":{"start":{"line":54,"column":4},"end":{"line":73,"column":5}},"8":{"start":{"line":55,"column":6},"end":{"line":57,"column":8}},"9":{"start":{"line":60,"column":6},"end":{"line":60,"column":130}},"10":{"start":{"line":61,"column":6},"end":{"line":61,"column":49}},"11":{"start":{"line":62,"column":6},"end":{"line":62,"column":84}},"12":{"start":{"line":64,"column":6},"end":{"line":64,"column":36}},"13":{"start":{"line":66,"column":6},"end":{"line":68,"column":8}},"14":{"start":{"line":70,"column":6},"end":{"line":72,"column":8}},"15":{"start":{"line":77,"column":4},"end":{"line":141,"column":5}}},"fnMap":{"0":{"name":"(anonymous_0)","decl":{"start":{"line":26,"column":2},"end":{"line":26,"column":3}},"loc":{"start":{"line":26,"column":29},"end":{"line":37,"column":3}},"line":26},"1":{"name":"(anonymous_1)","decl":{"start":{"line":39,"column":26},"end":{"line":39,"column":27}},"loc":{"start":{"line":39,"column":32},"end":{"line":43,"column":3}},"line":39},"2":{"name":"(anonymous_2)","decl":{"start":{"line":45,"column":26},"end":{"line":45,"column":27}},"loc":{"start":{"line":45,"column":32},"end":{"line":49,"column":3}},"line":45},"3":{"name":"(anonymous_3)","decl":{"start":{"line":51,"column":18},"end":{"line":51,"column":19}},"loc":{"start":{"line":51,"column":52},"end":{"line":74,"column":3}},"line":51},"4":{"name":"(anonymous_4)","decl":{"start":{"line":76,"column":2},"end":{"line":76,"column":3}},"loc":{"start":{"line":76,"column":18},"end":{"line":142,"column":3}},"line":76}},"branchMap":{"0":{"loc":{"start":{"line":81,"column":19},"end":{"line":81,"column":71}},"type":"cond-expr","locations":[{"start":{"line":81,"column":50},"end":{"line":81,"column":59}},{"start":{"line":81,"column":62},"end":{"line":81,"column":71}}],"line":81},"1":{"loc":{"start":{"line":85,"column":16},"end":{"line":97,"column":19}},"type":"cond-expr","locations":[{"start":{"line":87,"column":22},"end":{"line":90,"column":29}},{"start":{"line":93,"column":20},"end":{"line":96,"column":27}}],"line":85},"2":{"loc":{"start":{"line":101,"column":16},"end":{"line":105,"column":22}},"type":"cond-expr","locations":[{"start":{"line":102,"column":18},"end":{"line":104,"column":26}},{"start":{"line":105,"column":18},"end":{"line":105,"column":22}}],"line":101},"3":{"loc":{"start":{"line":119,"column":22},"end":{"line":120,"column":78}},"type":"cond-expr","locations":[{"start":{"line":119,"column":46},"end":{"line":119,"column":81}},{"start":{"line":120,"column":25},"end":{"line":120,"column":77}}],"line":119},"4":{"loc":{"start":{"line":120,"column":25},"end":{"line":120,"column":77}},"type":"cond-expr","locations":[{"start":{"line":120,"column":56},"end":{"line":120,"column":65}},{"start":{"line":120,"column":68},"end":{"line":120,"column":77}}],"line":120}},"s":{"0":1,"1":1,"2":1,"3":1,"4":0,"5":0,"6":0,"7":0,"8":0,"9":0,"10":0,"11":0,"12":0,"13":0,"14":0,"15":1},"f":{"0":1,"1":0,"2":0,"3":0,"4":1},"b":{"0":[1,0],"1":[1,0],"2":[0,1],"3":[0,1],"4":[1,0]},"_coverageSchema":"43e27e138ebf9cfc5966b082cf9a028302ed4184","hash":"d3a4692e02eebcd6b35c6d7a568e1cab1a4c9d16"}
,"/Users/eldar/Documents/NodeProjects/povio/client/services/api/auth.ts": {"path":"/Users/eldar/Documents/NodeProjects/povio/client/services/api/auth.ts","statementMap":{"0":{"start":{"line":5,"column":2},"end":{"line":5,"column":145}},"1":{"start":{"line":9,"column":2},"end":{"line":18,"column":3}},"2":{"start":{"line":10,"column":19},"end":{"line":13,"column":6}},"3":{"start":{"line":15,"column":4},"end":{"line":15,"column":22}},"4":{"start":{"line":17,"column":4},"end":{"line":17,"column":13}},"5":{"start":{"line":22,"column":2},"end":{"line":31,"column":3}},"6":{"start":{"line":23,"column":19},"end":{"line":26,"column":6}},"7":{"start":{"line":28,"column":4},"end":{"line":28,"column":22}},"8":{"start":{"line":30,"column":4},"end":{"line":30,"column":13}}},"fnMap":{"0":{"name":"setAuthorizationHeader","decl":{"start":{"line":3,"column":16},"end":{"line":3,"column":38}},"loc":{"start":{"line":3,"column":66},"end":{"line":6,"column":1}},"line":3},"1":{"name":"login","decl":{"start":{"line":8,"column":22},"end":{"line":8,"column":27}},"loc":{"start":{"line":8,"column":64},"end":{"line":19,"column":1}},"line":8},"2":{"name":"signup","decl":{"start":{"line":21,"column":22},"end":{"line":21,"column":28}},"loc":{"start":{"line":21,"column":65},"end":{"line":32,"column":1}},"line":21}},"branchMap":{"0":{"loc":{"start":{"line":5,"column":2},"end":{"line":5,"column":145}},"type":"cond-expr","locations":[{"start":{"line":5,"column":24},"end":{"line":5,"column":79}},{"start":{"line":5,"column":82},"end":{"line":5,"column":145}}],"line":5}},"s":{"0":0,"1":0,"2":0,"3":0,"4":0,"5":0,"6":0,"7":0,"8":0},"f":{"0":0,"1":0,"2":0},"b":{"0":[0,0]},"_coverageSchema":"43e27e138ebf9cfc5966b082cf9a028302ed4184","hash":"57ab443dd69c0e173596fbc340c5c6e66360ca33"}
,"/Users/eldar/Documents/NodeProjects/povio/client/services/api/me.ts": {"path":"/Users/eldar/Documents/NodeProjects/povio/client/services/api/me.ts","statementMap":{"0":{"start":{"line":4,"column":2},"end":{"line":9,"column":3}},"1":{"start":{"line":5,"column":19},"end":{"line":5,"column":48}},"2":{"start":{"line":6,"column":4},"end":{"line":6,"column":22}},"3":{"start":{"line":8,"column":4},"end":{"line":8,"column":13}},"4":{"start":{"line":13,"column":2},"end":{"line":21,"column":3}},"5":{"start":{"line":14,"column":19},"end":{"line":17,"column":6}},"6":{"start":{"line":18,"column":4},"end":{"line":18,"column":22}},"7":{"start":{"line":20,"column":4},"end":{"line":20,"column":13}}},"fnMap":{"0":{"name":"me","decl":{"start":{"line":3,"column":22},"end":{"line":3,"column":24}},"loc":{"start":{"line":3,"column":27},"end":{"line":10,"column":1}},"line":3},"1":{"name":"updatePassword","decl":{"start":{"line":12,"column":22},"end":{"line":12,"column":36}},"loc":{"start":{"line":12,"column":83},"end":{"line":22,"column":1}},"line":12}},"branchMap":{},"s":{"0":0,"1":0,"2":0,"3":0,"4":0,"5":0,"6":0,"7":0},"f":{"0":0,"1":0},"b":{},"_coverageSchema":"43e27e138ebf9cfc5966b082cf9a028302ed4184","hash":"9a0abdc85f370411d0df10eaba6de7ee6fe88820"}
,"/Users/eldar/Documents/NodeProjects/povio/client/services/api/mostLiked.ts": {"path":"/Users/eldar/Documents/NodeProjects/povio/client/services/api/mostLiked.ts","statementMap":{"0":{"start":{"line":4,"column":2},"end":{"line":9,"column":3}},"1":{"start":{"line":5,"column":19},"end":{"line":5,"column":56}},"2":{"start":{"line":6,"column":4},"end":{"line":6,"column":22}},"3":{"start":{"line":8,"column":4},"end":{"line":8,"column":13}}},"fnMap":{"0":{"name":"fetchMostLiked","decl":{"start":{"line":3,"column":22},"end":{"line":3,"column":36}},"loc":{"start":{"line":3,"column":39},"end":{"line":10,"column":1}},"line":3}},"branchMap":{},"s":{"0":0,"1":0,"2":0,"3":0},"f":{"0":0},"b":{},"_coverageSchema":"43e27e138ebf9cfc5966b082cf9a028302ed4184","hash":"a8411b5315525e540c61ced1bd90f19c6857cebb"}
,"/Users/eldar/Documents/NodeProjects/povio/client/services/api/user.ts": {"path":"/Users/eldar/Documents/NodeProjects/povio/client/services/api/user.ts","statementMap":{"0":{"start":{"line":4,"column":2},"end":{"line":9,"column":3}},"1":{"start":{"line":5,"column":19},"end":{"line":5,"column":60}},"2":{"start":{"line":6,"column":4},"end":{"line":6,"column":22}},"3":{"start":{"line":8,"column":4},"end":{"line":8,"column":13}},"4":{"start":{"line":13,"column":2},"end":{"line":18,"column":3}},"5":{"start":{"line":14,"column":19},"end":{"line":14,"column":65}},"6":{"start":{"line":15,"column":4},"end":{"line":15,"column":22}},"7":{"start":{"line":17,"column":4},"end":{"line":17,"column":13}},"8":{"start":{"line":22,"column":2},"end":{"line":27,"column":3}},"9":{"start":{"line":23,"column":19},"end":{"line":23,"column":67}},"10":{"start":{"line":24,"column":4},"end":{"line":24,"column":22}},"11":{"start":{"line":26,"column":4},"end":{"line":26,"column":13}}},"fnMap":{"0":{"name":"fetchUser","decl":{"start":{"line":3,"column":22},"end":{"line":3,"column":31}},"loc":{"start":{"line":3,"column":48},"end":{"line":10,"column":1}},"line":3},"1":{"name":"likeUser","decl":{"start":{"line":12,"column":22},"end":{"line":12,"column":30}},"loc":{"start":{"line":12,"column":47},"end":{"line":19,"column":1}},"line":12},"2":{"name":"unlikeUser","decl":{"start":{"line":21,"column":22},"end":{"line":21,"column":32}},"loc":{"start":{"line":21,"column":49},"end":{"line":28,"column":1}},"line":21}},"branchMap":{},"s":{"0":0,"1":0,"2":0,"3":0,"4":0,"5":0,"6":0,"7":0,"8":0,"9":0,"10":0,"11":0},"f":{"0":0,"1":0,"2":0},"b":{},"_coverageSchema":"43e27e138ebf9cfc5966b082cf9a028302ed4184","hash":"8c4257a116f237d38204873226cc26608ce85e95"}
,"/Users/eldar/Documents/NodeProjects/povio/client/store/index.ts": {"path":"/Users/eldar/Documents/NodeProjects/povio/client/store/index.ts","statementMap":{"0":{"start":{"line":8,"column":18},"end":{"line":8,"column":47}},"1":{"start":{"line":9,"column":0},"end":{"line":9,"column":28}},"2":{"start":{"line":19,"column":4},"end":{"line":19,"column":39}},"3":{"start":{"line":20,"column":4},"end":{"line":20,"column":31}},"4":{"start":{"line":23,"column":18},"end":{"line":23,"column":38}},"5":{"start":{"line":24,"column":4},"end":{"line":33,"column":5}},"6":{"start":{"line":25,"column":6},"end":{"line":25,"column":38}},"7":{"start":{"line":28,"column":6},"end":{"line":30,"column":8}},"8":{"start":{"line":29,"column":8},"end":{"line":29,"column":56}},"9":{"start":{"line":32,"column":6},"end":{"line":32,"column":33}},"10":{"start":{"line":42,"column":2},"end":{"line":45,"column":3}},"11":{"start":{"line":44,"column":4},"end":{"line":44,"column":27}},"12":{"start":{"line":47,"column":2},"end":{"line":49,"column":3}},"13":{"start":{"line":48,"column":4},"end":{"line":48,"column":27}},"14":{"start":{"line":51,"column":2},"end":{"line":51,"column":14}}},"fnMap":{"0":{"name":"(anonymous_0)","decl":{"start":{"line":18,"column":2},"end":{"line":18,"column":3}},"loc":{"start":{"line":18,"column":34},"end":{"line":34,"column":3}},"line":18},"1":{"name":"(anonymous_1)","decl":{"start":{"line":28,"column":37},"end":{"line":28,"column":38}},"loc":{"start":{"line":28,"column":43},"end":{"line":30,"column":7}},"line":28},"2":{"name":"initializeStore","decl":{"start":{"line":40,"column":16},"end":{"line":40,"column":31}},"loc":{"start":{"line":40,"column":34},"end":{"line":52,"column":1}},"line":40}},"branchMap":{"0":{"loc":{"start":{"line":24,"column":4},"end":{"line":33,"column":5}},"type":"if","locations":[{"start":{"line":24,"column":4},"end":{"line":33,"column":5}},{"start":{"line":24,"column":4},"end":{"line":33,"column":5}}],"line":24},"1":{"loc":{"start":{"line":24,"column":8},"end":{"line":24,"column":26}},"type":"binary-expr","locations":[{"start":{"line":24,"column":8},"end":{"line":24,"column":17}},{"start":{"line":24,"column":21},"end":{"line":24,"column":26}}],"line":24},"2":{"loc":{"start":{"line":42,"column":2},"end":{"line":45,"column":3}},"type":"if","locations":[{"start":{"line":42,"column":2},"end":{"line":45,"column":3}},{"start":{"line":42,"column":2},"end":{"line":45,"column":3}}],"line":42},"3":{"loc":{"start":{"line":47,"column":2},"end":{"line":49,"column":3}},"type":"if","locations":[{"start":{"line":47,"column":2},"end":{"line":49,"column":3}},{"start":{"line":47,"column":2},"end":{"line":49,"column":3}}],"line":47}},"s":{"0":5,"1":5,"2":7,"3":7,"4":7,"5":7,"6":0,"7":0,"8":0,"9":7,"10":0,"11":0,"12":0,"13":0,"14":0},"f":{"0":7,"1":0,"2":0},"b":{"0":[0,7],"1":[7,0],"2":[0,0],"3":[0,0]},"_coverageSchema":"43e27e138ebf9cfc5966b082cf9a028302ed4184","hash":"4661a5f4ba463430d08daa7f97632d40ea9e8874"}
,"/Users/eldar/Documents/NodeProjects/povio/client/store/modules/AuthStore.ts": {"path":"/Users/eldar/Documents/NodeProjects/povio/client/store/modules/AuthStore.ts","statementMap":{"0":{"start":{"line":11,"column":4},"end":{"line":13,"column":5}},"1":{"start":{"line":12,"column":6},"end":{"line":12,"column":12}},"2":{"start":{"line":15,"column":4},"end":{"line":15,"column":26}},"3":{"start":{"line":17,"column":4},"end":{"line":24,"column":5}},"4":{"start":{"line":18,"column":19},"end":{"line":18,"column":96}},"5":{"start":{"line":19,"column":6},"end":{"line":19,"column":41}},"6":{"start":{"line":21,"column":6},"end":{"line":21,"column":17}},"7":{"start":{"line":23,"column":6},"end":{"line":23,"column":29}},"8":{"start":{"line":28,"column":4},"end":{"line":30,"column":5}},"9":{"start":{"line":29,"column":6},"end":{"line":29,"column":12}},"10":{"start":{"line":32,"column":4},"end":{"line":32,"column":26}},"11":{"start":{"line":34,"column":4},"end":{"line":40,"column":5}},"12":{"start":{"line":35,"column":6},"end":{"line":35,"column":56}},"13":{"start":{"line":37,"column":6},"end":{"line":37,"column":17}},"14":{"start":{"line":39,"column":6},"end":{"line":39,"column":29}},"15":{"start":{"line":44,"column":4},"end":{"line":44,"column":27}},"16":{"start":{"line":45,"column":4},"end":{"line":45,"column":32}},"17":{"start":{"line":48,"column":4},"end":{"line":50,"column":5}},"18":{"start":{"line":49,"column":6},"end":{"line":49,"column":30}},"19":{"start":{"line":55,"column":4},"end":{"line":55,"column":31}},"20":{"start":{"line":58,"column":4},"end":{"line":62,"column":5}},"21":{"start":{"line":59,"column":6},"end":{"line":61,"column":8}},"22":{"start":{"line":65,"column":4},"end":{"line":65,"column":33}},"23":{"start":{"line":70,"column":4},"end":{"line":70,"column":27}},"24":{"start":{"line":71,"column":4},"end":{"line":71,"column":32}},"25":{"start":{"line":74,"column":4},"end":{"line":74,"column":37}}},"fnMap":{"0":{"name":"(anonymous_0)","decl":{"start":{"line":10,"column":25},"end":{"line":10,"column":26}},"loc":{"start":{"line":10,"column":116},"end":{"line":25,"column":3}},"line":10},"1":{"name":"(anonymous_1)","decl":{"start":{"line":27,"column":33},"end":{"line":27,"column":34}},"loc":{"start":{"line":27,"column":107},"end":{"line":41,"column":3}},"line":27},"2":{"name":"(anonymous_2)","decl":{"start":{"line":43,"column":2},"end":{"line":43,"column":3}},"loc":{"start":{"line":43,"column":30},"end":{"line":51,"column":3}},"line":43},"3":{"name":"(anonymous_3)","decl":{"start":{"line":53,"column":2},"end":{"line":53,"column":3}},"loc":{"start":{"line":53,"column":72},"end":{"line":66,"column":3}},"line":53},"4":{"name":"(anonymous_4)","decl":{"start":{"line":68,"column":2},"end":{"line":68,"column":3}},"loc":{"start":{"line":68,"column":29},"end":{"line":75,"column":3}},"line":68}},"branchMap":{"0":{"loc":{"start":{"line":10,"column":89},"end":{"line":10,"column":114}},"type":"default-arg","locations":[{"start":{"line":10,"column":109},"end":{"line":10,"column":114}}],"line":10},"1":{"loc":{"start":{"line":11,"column":4},"end":{"line":13,"column":5}},"type":"if","locations":[{"start":{"line":11,"column":4},"end":{"line":13,"column":5}},{"start":{"line":11,"column":4},"end":{"line":13,"column":5}}],"line":11},"2":{"loc":{"start":{"line":18,"column":19},"end":{"line":18,"column":96}},"type":"cond-expr","locations":[{"start":{"line":18,"column":30},"end":{"line":18,"column":62}},{"start":{"line":18,"column":65},"end":{"line":18,"column":96}}],"line":18},"3":{"loc":{"start":{"line":28,"column":4},"end":{"line":30,"column":5}},"type":"if","locations":[{"start":{"line":28,"column":4},"end":{"line":30,"column":5}},{"start":{"line":28,"column":4},"end":{"line":30,"column":5}}],"line":28},"4":{"loc":{"start":{"line":48,"column":4},"end":{"line":50,"column":5}},"type":"if","locations":[{"start":{"line":48,"column":4},"end":{"line":50,"column":5}},{"start":{"line":48,"column":4},"end":{"line":50,"column":5}}],"line":48},"5":{"loc":{"start":{"line":53,"column":45},"end":{"line":53,"column":70}},"type":"default-arg","locations":[{"start":{"line":53,"column":65},"end":{"line":53,"column":70}}],"line":53},"6":{"loc":{"start":{"line":58,"column":4},"end":{"line":62,"column":5}},"type":"if","locations":[{"start":{"line":58,"column":4},"end":{"line":62,"column":5}},{"start":{"line":58,"column":4},"end":{"line":62,"column":5}}],"line":58}},"s":{"0":0,"1":0,"2":0,"3":0,"4":0,"5":0,"6":0,"7":0,"8":0,"9":0,"10":0,"11":0,"12":0,"13":0,"14":0,"15":7,"16":7,"17":7,"18":0,"19":0,"20":0,"21":0,"22":0,"23":0,"24":0,"25":0},"f":{"0":0,"1":0,"2":7,"3":0,"4":0},"b":{"0":[0],"1":[0,0],"2":[0,0],"3":[0,0],"4":[0,7],"5":[0],"6":[0,0]},"_coverageSchema":"43e27e138ebf9cfc5966b082cf9a028302ed4184","hash":"4942771b2ca34779413fb7097497fe339458f7c4"}
,"/Users/eldar/Documents/NodeProjects/povio/client/store/modules/OverviewStore.ts": {"path":"/Users/eldar/Documents/NodeProjects/povio/client/store/modules/OverviewStore.ts","statementMap":{"0":{"start":{"line":8,"column":4},"end":{"line":10,"column":6}},"1":{"start":{"line":9,"column":6},"end":{"line":9,"column":49}},"2":{"start":{"line":15,"column":4},"end":{"line":20,"column":5}},"3":{"start":{"line":17,"column":6},"end":{"line":17,"column":41}},"4":{"start":{"line":19,"column":6},"end":{"line":19,"column":17}},"5":{"start":{"line":24,"column":4},"end":{"line":32,"column":5}},"6":{"start":{"line":26,"column":6},"end":{"line":26,"column":28}},"7":{"start":{"line":29,"column":6},"end":{"line":29,"column":34}},"8":{"start":{"line":31,"column":6},"end":{"line":31,"column":17}},"9":{"start":{"line":36,"column":4},"end":{"line":44,"column":5}},"10":{"start":{"line":38,"column":6},"end":{"line":38,"column":30}},"11":{"start":{"line":41,"column":6},"end":{"line":41,"column":34}},"12":{"start":{"line":43,"column":6},"end":{"line":43,"column":17}},"13":{"start":{"line":48,"column":4},"end":{"line":66,"column":5}},"14":{"start":{"line":50,"column":23},"end":{"line":50,"column":46}},"15":{"start":{"line":53,"column":20},"end":{"line":53,"column":77}},"16":{"start":{"line":53,"column":51},"end":{"line":53,"column":76}},"17":{"start":{"line":54,"column":6},"end":{"line":58,"column":7}},"18":{"start":{"line":55,"column":8},"end":{"line":55,"column":36}},"19":{"start":{"line":57,"column":8},"end":{"line":57,"column":33}},"20":{"start":{"line":61,"column":6},"end":{"line":63,"column":8}},"21":{"start":{"line":62,"column":8},"end":{"line":62,"column":48}},"22":{"start":{"line":65,"column":6},"end":{"line":65,"column":17}},"23":{"start":{"line":71,"column":4},"end":{"line":71,"column":19}},"24":{"start":{"line":72,"column":4},"end":{"line":72,"column":25}},"25":{"start":{"line":76,"column":4},"end":{"line":76,"column":22}},"26":{"start":{"line":80,"column":4},"end":{"line":80,"column":33}},"27":{"start":{"line":84,"column":18},"end":{"line":84,"column":71}},"28":{"start":{"line":84,"column":55},"end":{"line":84,"column":70}},"29":{"start":{"line":86,"column":4},"end":{"line":88,"column":5}},"30":{"start":{"line":87,"column":6},"end":{"line":87,"column":39}}},"fnMap":{"0":{"name":"(anonymous_0)","decl":{"start":{"line":7,"column":2},"end":{"line":7,"column":3}},"loc":{"start":{"line":7,"column":56},"end":{"line":11,"column":3}},"line":7},"1":{"name":"(anonymous_1)","decl":{"start":{"line":8,"column":29},"end":{"line":8,"column":30}},"loc":{"start":{"line":8,"column":39},"end":{"line":10,"column":5}},"line":8},"2":{"name":"(anonymous_2)","decl":{"start":{"line":14,"column":30},"end":{"line":14,"column":31}},"loc":{"start":{"line":14,"column":62},"end":{"line":21,"column":3}},"line":14},"3":{"name":"(anonymous_3)","decl":{"start":{"line":23,"column":27},"end":{"line":23,"column":28}},"loc":{"start":{"line":23,"column":75},"end":{"line":33,"column":3}},"line":23},"4":{"name":"(anonymous_4)","decl":{"start":{"line":35,"column":29},"end":{"line":35,"column":30}},"loc":{"start":{"line":35,"column":77},"end":{"line":45,"column":3}},"line":35},"5":{"name":"(anonymous_5)","decl":{"start":{"line":47,"column":26},"end":{"line":47,"column":27}},"loc":{"start":{"line":47,"column":74},"end":{"line":67,"column":3}},"line":47},"6":{"name":"(anonymous_6)","decl":{"start":{"line":53,"column":41},"end":{"line":53,"column":42}},"loc":{"start":{"line":53,"column":51},"end":{"line":53,"column":76}},"line":53},"7":{"name":"(anonymous_7)","decl":{"start":{"line":61,"column":43},"end":{"line":61,"column":44}},"loc":{"start":{"line":61,"column":53},"end":{"line":63,"column":7}},"line":61},"8":{"name":"(anonymous_8)","decl":{"start":{"line":70,"column":2},"end":{"line":70,"column":3}},"loc":{"start":{"line":70,"column":16},"end":{"line":73,"column":3}},"line":70},"9":{"name":"(anonymous_9)","decl":{"start":{"line":75,"column":2},"end":{"line":75,"column":3}},"loc":{"start":{"line":75,"column":50},"end":{"line":77,"column":3}},"line":75},"10":{"name":"(anonymous_10)","decl":{"start":{"line":79,"column":2},"end":{"line":79,"column":3}},"loc":{"start":{"line":79,"column":44},"end":{"line":81,"column":3}},"line":79},"11":{"name":"(anonymous_11)","decl":{"start":{"line":83,"column":2},"end":{"line":83,"column":3}},"loc":{"start":{"line":83,"column":46},"end":{"line":89,"column":3}},"line":83},"12":{"name":"(anonymous_12)","decl":{"start":{"line":84,"column":45},"end":{"line":84,"column":46}},"loc":{"start":{"line":84,"column":55},"end":{"line":84,"column":70}},"line":84}},"branchMap":{"0":{"loc":{"start":{"line":54,"column":6},"end":{"line":58,"column":7}},"type":"if","locations":[{"start":{"line":54,"column":6},"end":{"line":58,"column":7}},{"start":{"line":54,"column":6},"end":{"line":58,"column":7}}],"line":54},"1":{"loc":{"start":{"line":86,"column":4},"end":{"line":88,"column":5}},"type":"if","locations":[{"start":{"line":86,"column":4},"end":{"line":88,"column":5}},{"start":{"line":86,"column":4},"end":{"line":88,"column":5}}],"line":86}},"s":{"0":2,"1":6,"2":0,"3":0,"4":0,"5":0,"6":0,"7":0,"8":0,"9":0,"10":0,"11":0,"12":0,"13":0,"14":0,"15":0,"16":0,"17":0,"18":0,"19":0,"20":0,"21":0,"22":0,"23":7,"24":7,"25":1,"26":1,"27":0,"28":0,"29":0,"30":0},"f":{"0":2,"1":6,"2":0,"3":0,"4":0,"5":0,"6":0,"7":0,"8":7,"9":1,"10":1,"11":0,"12":0},"b":{"0":[0,0],"1":[0,0]},"_coverageSchema":"43e27e138ebf9cfc5966b082cf9a028302ed4184","hash":"550c4bfc61b5e719214e6e59fb815b52389e3d23"}
,"/Users/eldar/Documents/NodeProjects/povio/client/store/modules/UserStore.ts": {"path":"/Users/eldar/Documents/NodeProjects/povio/client/store/modules/UserStore.ts","statementMap":{"0":{"start":{"line":9,"column":4},"end":{"line":14,"column":5}},"1":{"start":{"line":11,"column":6},"end":{"line":11,"column":32}},"2":{"start":{"line":13,"column":6},"end":{"line":13,"column":17}},"3":{"start":{"line":18,"column":4},"end":{"line":22,"column":5}}},"fnMap":{"0":{"name":"(anonymous_0)","decl":{"start":{"line":8,"column":30},"end":{"line":8,"column":31}},"loc":{"start":{"line":8,"column":58},"end":{"line":15,"column":3}},"line":8},"1":{"name":"(anonymous_1)","decl":{"start":{"line":17,"column":2},"end":{"line":17,"column":3}},"loc":{"start":{"line":17,"column":16},"end":{"line":23,"column":3}},"line":17}},"branchMap":{},"s":{"0":0,"1":0,"2":0,"3":7},"f":{"0":0,"1":7},"b":{},"_coverageSchema":"43e27e138ebf9cfc5966b082cf9a028302ed4184","hash":"365d1dcf16dcb586f28e4e2a56ea85965779f57d"}
}
