TN:
SF:/Users/eldar/Documents/NodeProjects/povio/client/components/Buttons/LikeUnlike.tsx
FN:23,(anonymous_0)
FN:31,(anonymous_1)
FN:35,(anonymous_2)
FN:50,(anonymous_3)
FN:66,(anonymous_4)
FNF:5
FNH:2
FNDA:4,(anonymous_0)
FNDA:0,(anonymous_1)
FNDA:0,(anonymous_2)
FNDA:0,(anonymous_3)
FNDA:4,(anonymous_4)
DA:24,4
DA:26,4
DA:32,0
DA:36,0
DA:37,0
DA:41,0
DA:43,0
DA:45,0
DA:51,0
DA:52,0
DA:56,0
DA:58,0
DA:60,0
DA:67,4
LF:14
LH:3
BRDA:32,0,0,0
BRDA:32,0,1,0
BRDA:68,1,0,2
BRDA:68,1,1,2
BRDA:70,2,0,0
BRDA:70,2,1,4
BRDA:71,3,0,2
BRDA:71,3,1,2
BRF:8
BRH:5
end_of_record
TN:
SF:/Users/eldar/Documents/NodeProjects/povio/client/components/Buttons/SignInToLike.tsx
FN:5,(anonymous_0)
FNF:1
FNH:1
FNDA:4,(anonymous_0)
DA:5,2
DA:6,4
LF:2
LH:2
BRF:0
BRH:0
end_of_record
TN:
SF:/Users/eldar/Documents/NodeProjects/povio/client/components/Layout/Footer.tsx
FN:3,(anonymous_0)
FNF:1
FNH:1
FNDA:1,(anonymous_0)
DA:3,1
DA:4,1
LF:2
LH:2
BRF:0
BRH:0
end_of_record
TN:
SF:/Users/eldar/Documents/NodeProjects/povio/client/components/Layout/Navbar.tsx
FN:25,(anonymous_0)
FN:33,(anonymous_1)
FN:39,(anonymous_2)
FN:46,(anonymous_3)
FN:47,(anonymous_4)
FN:68,(anonymous_5)
FNF:6
FNH:3
FNDA:1,(anonymous_0)
FNDA:0,(anonymous_1)
FNDA:0,(anonymous_2)
FNDA:1,(anonymous_3)
FNDA:0,(anonymous_4)
FNDA:1,(anonymous_5)
DA:26,1
DA:28,1
DA:34,0
DA:40,0
DA:41,0
DA:42,0
DA:43,0
DA:47,1
DA:48,0
DA:68,1
DA:69,1
DA:76,1
LF:12
LH:6
BRDA:96,0,0,0
BRDA:96,0,1,1
BRF:2
BRH:1
end_of_record
TN:
SF:/Users/eldar/Documents/NodeProjects/povio/client/components/Lists/MostLiked.tsx
FN:23,(anonymous_0)
FN:31,(anonymous_1)
FN:43,(anonymous_2)
FN:47,(anonymous_3)
FN:50,(anonymous_4)
FN:62,(anonymous_5)
FNF:6
FNH:4
FNDA:2,(anonymous_0)
FNDA:0,(anonymous_1)
FNDA:0,(anonymous_2)
FNDA:2,(anonymous_3)
FNDA:2,(anonymous_4)
FNDA:5,(anonymous_5)
DA:24,2
DA:26,2
DA:32,0
DA:36,0
DA:38,0
DA:44,0
DA:48,2
DA:50,2
DA:51,2
DA:63,5
DA:80,2
LF:11
LH:7
BRDA:68,0,0,3
BRDA:68,0,1,2
BRDA:71,1,0,1
BRDA:71,1,1,1
BRDA:82,2,0,0
BRDA:82,2,1,2
BRF:6
BRH:5
end_of_record
TN:
SF:/Users/eldar/Documents/NodeProjects/povio/client/components/Sections/ChangePasswordBox.tsx
FN:25,(anonymous_0)
FN:37,(anonymous_1)
FN:59,(anonymous_2)
FNF:3
FNH:2
FNDA:1,(anonymous_0)
FNDA:0,(anonymous_1)
FNDA:1,(anonymous_2)
DA:26,1
DA:28,1
DA:29,1
DA:31,1
DA:38,0
DA:40,0
DA:41,0
DA:46,0
DA:47,0
DA:49,0
DA:53,0
DA:60,1
LF:12
LH:5
BRDA:67,0,0,0
BRDA:67,0,1,1
BRDA:85,1,0,0
BRDA:85,1,1,1
BRF:4
BRH:2
end_of_record
TN:
SF:/Users/eldar/Documents/NodeProjects/povio/client/components/Sections/SigninBox.tsx
FN:26,(anonymous_0)
FN:39,(anonymous_1)
FN:45,(anonymous_2)
FN:51,(anonymous_3)
FN:76,(anonymous_4)
FNF:5
FNH:2
FNDA:1,(anonymous_0)
FNDA:0,(anonymous_1)
FNDA:0,(anonymous_2)
FNDA:0,(anonymous_3)
FNDA:1,(anonymous_4)
DA:27,1
DA:29,1
DA:30,1
DA:32,1
DA:40,0
DA:46,0
DA:52,0
DA:54,0
DA:55,0
DA:60,0
DA:61,0
DA:62,0
DA:64,0
DA:66,0
DA:70,0
DA:77,1
LF:16
LH:5
BRDA:81,0,0,1
BRDA:81,0,1,0
BRDA:85,1,0,1
BRDA:85,1,1,0
BRDA:101,2,0,0
BRDA:101,2,1,1
BRDA:119,3,0,0
BRDA:119,3,1,1
BRDA:120,4,0,1
BRDA:120,4,1,0
BRF:10
BRH:5
end_of_record
TN:
SF:/Users/eldar/Documents/NodeProjects/povio/client/services/api/auth.ts
FN:3,setAuthorizationHeader
FN:8,login
FN:21,signup
FNF:3
FNH:0
FNDA:0,setAuthorizationHeader
FNDA:0,login
FNDA:0,signup
DA:5,0
DA:9,0
DA:10,0
DA:15,0
DA:17,0
DA:22,0
DA:23,0
DA:28,0
DA:30,0
LF:9
LH:0
BRDA:5,0,0,0
BRDA:5,0,1,0
BRF:2
BRH:0
end_of_record
TN:
SF:/Users/eldar/Documents/NodeProjects/povio/client/services/api/me.ts
FN:3,me
FN:12,updatePassword
FNF:2
FNH:0
FNDA:0,me
FNDA:0,updatePassword
DA:4,0
DA:5,0
DA:6,0
DA:8,0
DA:13,0
DA:14,0
DA:18,0
DA:20,0
LF:8
LH:0
BRF:0
BRH:0
end_of_record
TN:
SF:/Users/eldar/Documents/NodeProjects/povio/client/services/api/mostLiked.ts
FN:3,fetchMostLiked
FNF:1
FNH:0
FNDA:0,fetchMostLiked
DA:4,0
DA:5,0
DA:6,0
DA:8,0
LF:4
LH:0
BRF:0
BRH:0
end_of_record
TN:
SF:/Users/eldar/Documents/NodeProjects/povio/client/services/api/user.ts
FN:3,fetchUser
FN:12,likeUser
FN:21,unlikeUser
FNF:3
FNH:0
FNDA:0,fetchUser
FNDA:0,likeUser
FNDA:0,unlikeUser
DA:4,0
DA:5,0
DA:6,0
DA:8,0
DA:13,0
DA:14,0
DA:15,0
DA:17,0
DA:22,0
DA:23,0
DA:24,0
DA:26,0
LF:12
LH:0
BRF:0
BRH:0
end_of_record
TN:
SF:/Users/eldar/Documents/NodeProjects/povio/client/store/index.ts
FN:18,(anonymous_0)
FN:28,(anonymous_1)
FN:40,initializeStore
FNF:3
FNH:1
FNDA:7,(anonymous_0)
FNDA:0,(anonymous_1)
FNDA:0,initializeStore
DA:8,5
DA:9,5
DA:19,7
DA:20,7
DA:23,7
DA:24,7
DA:25,0
DA:28,0
DA:29,0
DA:32,7
DA:42,0
DA:44,0
DA:47,0
DA:48,0
DA:51,0
LF:15
LH:7
BRDA:24,0,0,0
BRDA:24,0,1,7
BRDA:24,1,0,7
BRDA:24,1,1,0
BRDA:42,2,0,0
BRDA:42,2,1,0
BRDA:47,3,0,0
BRDA:47,3,1,0
BRF:8
BRH:2
end_of_record
TN:
SF:/Users/eldar/Documents/NodeProjects/povio/client/store/modules/AuthStore.ts
FN:10,(anonymous_0)
FN:27,(anonymous_1)
FN:43,(anonymous_2)
FN:53,(anonymous_3)
FN:68,(anonymous_4)
FNF:5
FNH:1
FNDA:0,(anonymous_0)
FNDA:0,(anonymous_1)
FNDA:7,(anonymous_2)
FNDA:0,(anonymous_3)
FNDA:0,(anonymous_4)
DA:11,0
DA:12,0
DA:15,0
DA:17,0
DA:18,0
DA:19,0
DA:21,0
DA:23,0
DA:28,0
DA:29,0
DA:32,0
DA:34,0
DA:35,0
DA:37,0
DA:39,0
DA:44,7
DA:45,7
DA:48,7
DA:49,0
DA:55,0
DA:58,0
DA:59,0
DA:65,0
DA:70,0
DA:71,0
DA:74,0
LF:26
LH:3
BRDA:10,0,0,0
BRDA:11,1,0,0
BRDA:11,1,1,0
BRDA:18,2,0,0
BRDA:18,2,1,0
BRDA:28,3,0,0
BRDA:28,3,1,0
BRDA:48,4,0,0
BRDA:48,4,1,7
BRDA:53,5,0,0
BRDA:58,6,0,0
BRDA:58,6,1,0
BRF:12
BRH:1
end_of_record
TN:
SF:/Users/eldar/Documents/NodeProjects/povio/client/store/modules/OverviewStore.ts
FN:7,(anonymous_0)
FN:8,(anonymous_1)
FN:14,(anonymous_2)
FN:23,(anonymous_3)
FN:35,(anonymous_4)
FN:47,(anonymous_5)
FN:53,(anonymous_6)
FN:61,(anonymous_7)
FN:70,(anonymous_8)
FN:75,(anonymous_9)
FN:79,(anonymous_10)
FN:83,(anonymous_11)
FN:84,(anonymous_12)
FNF:13
FNH:5
FNDA:2,(anonymous_0)
FNDA:6,(anonymous_1)
FNDA:0,(anonymous_2)
FNDA:0,(anonymous_3)
FNDA:0,(anonymous_4)
FNDA:0,(anonymous_5)
FNDA:0,(anonymous_6)
FNDA:0,(anonymous_7)
FNDA:7,(anonymous_8)
FNDA:1,(anonymous_9)
FNDA:1,(anonymous_10)
FNDA:0,(anonymous_11)
FNDA:0,(anonymous_12)
DA:8,2
DA:9,6
DA:15,0
DA:17,0
DA:19,0
DA:24,0
DA:26,0
DA:29,0
DA:31,0
DA:36,0
DA:38,0
DA:41,0
DA:43,0
DA:48,0
DA:50,0
DA:53,0
DA:54,0
DA:55,0
DA:57,0
DA:61,0
DA:62,0
DA:65,0
DA:71,7
DA:72,7
DA:76,1
DA:80,1
DA:84,0
DA:86,0
DA:87,0
LF:29
LH:6
BRDA:54,0,0,0
BRDA:54,0,1,0
BRDA:86,1,0,0
BRDA:86,1,1,0
BRF:4
BRH:0
end_of_record
TN:
SF:/Users/eldar/Documents/NodeProjects/povio/client/store/modules/UserStore.ts
FN:8,(anonymous_0)
FN:17,(anonymous_1)
FNF:2
FNH:1
FNDA:0,(anonymous_0)
FNDA:7,(anonymous_1)
DA:9,0
DA:11,0
DA:13,0
DA:18,7
LF:4
LH:1
BRF:0
BRH:0
end_of_record
